# JRE version: OpenJDK Runtime Environment (11.0.10) (build 11.0.10+0-b96-7249189)
# Java VM: OpenJDK 64-Bit Server VM (11.0.10+0-b96-7249189, mixed mode, tiered, compressed oops, g1 gc, linux-amd64)
Heap:
 garbage-first heap   total 411648K, used 177918K [0x0000000080000000, 0x0000000100000000)
  region size 1024K, 6 young (6144K), 6 survivors (6144K)
 Metaspace       used 97560K, capacity 99920K, committed 100300K, reserved 1136640K
  class space    used 12815K, capacity 13689K, committed 13772K, reserved 1048576K
GC Heap History (20 events):
Event: 9.566 GC heap after
{Heap after GC invocations=17 (full 0):
 garbage-first heap   total 250880K, used 61274K [0x0000000080000000, 0x0000000100000000)
  region size 1024K, 10 young (10240K), 10 survivors (10240K)
 Metaspace       used 71251K, capacity 72898K, committed 73164K, reserved 1112064K
  class space    used 9186K, capacity 9796K, committed 9932K, reserved 1048576K
}
Event: 11.153 GC heap before
{Heap before GC invocations=17 (full 0):
 garbage-first heap   total 250880K, used 156506K [0x0000000080000000, 0x0000000100000000)
  region size 1024K, 103 young (105472K), 10 survivors (10240K)
 Metaspace       used 80560K, capacity 82491K, committed 82636K, reserved 1120256K
  class space    used 10500K, capacity 11202K, committed 11212K, reserved 1048576K
}
Event: 11.187 GC heap after
{Heap after GC invocations=18 (full 0):
 garbage-first heap   total 250880K, used 68095K [0x0000000080000000, 0x0000000100000000)
  region size 1024K, 12 young (12288K), 12 survivors (12288K)
 Metaspace       used 80560K, capacity 82491K, committed 82636K, reserved 1120256K
  class space    used 10500K, capacity 11202K, committed 11212K, reserved 1048576K
}
Event: 13.461 GC heap before
{Heap before GC invocations=18 (full 0):
 garbage-first heap   total 250880K, used 165375K [0x0000000080000000, 0x0000000100000000)
  region size 1024K, 108 young (110592K), 12 survivors (12288K)
 Metaspace       used 82469K, capacity 84476K, committed 84684K, reserved 1122304K
  class space    used 10699K, capacity 11447K, committed 11468K, reserved 1048576K
}
Event: 13.495 GC heap after
{Heap after GC invocations=19 (full 0):
 garbage-first heap   total 250880K, used 74644K [0x0000000080000000, 0x0000000100000000)
  region size 1024K, 13 young (13312K), 13 survivors (13312K)
 Metaspace       used 82469K, capacity 84476K, committed 84684K, reserved 1122304K
  class space    used 10699K, capacity 11447K, committed 11468K, reserved 1048576K
}
Event: 15.082 GC heap before
{Heap before GC invocations=19 (full 0):
 garbage-first heap   total 250880K, used 172948K [0x0000000080000000, 0x0000000100000000)
  region size 1024K, 110 young (112640K), 13 survivors (13312K)
 Metaspace       used 88227K, capacity 90309K, committed 90572K, reserved 1128448K
  class space    used 11428K, capacity 12181K, committed 12236K, reserved 1048576K
}
Event: 15.103 GC heap after
{Heap after GC invocations=20 (full 0):
 garbage-first heap   total 250880K, used 80113K [0x0000000080000000, 0x0000000100000000)
  region size 1024K, 12 young (12288K), 12 survivors (12288K)
 Metaspace       used 88227K, capacity 90309K, committed 90572K, reserved 1128448K
  class space    used 11428K, capacity 12181K, committed 12236K, reserved 1048576K
}
Event: 16.958 GC heap before
{Heap before GC invocations=20 (full 0):
 garbage-first heap   total 250880K, used 207089K [0x0000000080000000, 0x0000000100000000)
  region size 1024K, 110 young (112640K), 12 survivors (12288K)
 Metaspace       used 92476K, capacity 94584K, committed 94924K, reserved 1132544K
  class space    used 11952K, capacity 12719K, committed 12748K, reserved 1048576K
}
Event: 16.992 GC heap after
{Heap after GC invocations=21 (full 0):
 garbage-first heap   total 250880K, used 108544K [0x0000000080000000, 0x0000000100000000)
  region size 1024K, 14 young (14336K), 14 survivors (14336K)
 Metaspace       used 92476K, capacity 94584K, committed 94924K, reserved 1132544K
  class space    used 11952K, capacity 12719K, committed 12748K, reserved 1048576K
}
Event: 17.842 GC heap before
{Heap before GC invocations=21 (full 0):
 garbage-first heap   total 250880K, used 195584K [0x0000000080000000, 0x0000000100000000)
  region size 1024K, 96 young (98304K), 14 survivors (14336K)
 Metaspace       used 94836K, capacity 97022K, committed 97228K, reserved 1132544K
  class space    used 12419K, capacity 13229K, committed 13260K, reserved 1048576K
}
Event: 17.963 GC heap after
{Heap after GC invocations=22 (full 0):
 garbage-first heap   total 301056K, used 147807K [0x0000000080000000, 0x0000000100000000)
  region size 1024K, 12 young (12288K), 12 survivors (12288K)
 Metaspace       used 94836K, capacity 97022K, committed 97228K, reserved 1132544K
  class space    used 12419K, capacity 13229K, committed 13260K, reserved 1048576K
}
Event: 18.114 GC heap before
{Heap before GC invocations=22 (full 0):
 garbage-first heap   total 301056K, used 155999K [0x0000000080000000, 0x0000000100000000)
  region size 1024K, 20 young (20480K), 12 survivors (12288K)
 Metaspace       used 94851K, capacity 97022K, committed 97228K, reserved 1132544K
  class space    used 12419K, capacity 13229K, committed 13260K, reserved 1048576K
}
Event: 18.188 GC heap after
{Heap after GC invocations=23 (full 0):
 garbage-first heap   total 301056K, used 153600K [0x0000000080000000, 0x0000000100000000)
  region size 1024K, 3 young (3072K), 3 survivors (3072K)
 Metaspace       used 94851K, capacity 97022K, committed 97228K, reserved 1132544K
  class space    used 12419K, capacity 13229K, committed 13260K, reserved 1048576K
}
Event: 26.159 GC heap before
{Heap before GC invocations=24 (full 0):
 garbage-first heap   total 301056K, used 204800K [0x0000000080000000, 0x0000000100000000)
  region size 1024K, 52 young (53248K), 3 survivors (3072K)
 Metaspace       used 96536K, capacity 98767K, committed 99020K, reserved 1134592K
  class space    used 12670K, capacity 13485K, committed 13516K, reserved 1048576K
}
Event: 26.223 GC heap after
{Heap after GC invocations=25 (full 0):
 garbage-first heap   total 301056K, used 174592K [0x0000000080000000, 0x0000000100000000)
  region size 1024K, 7 young (7168K), 7 survivors (7168K)
 Metaspace       used 96536K, capacity 98767K, committed 99020K, reserved 1134592K
  class space    used 12670K, capacity 13485K, committed 13516K, reserved 1048576K
}
Event: 26.458 GC heap before
{Heap before GC invocations=25 (full 0):
 garbage-first heap   total 301056K, used 179712K [0x0000000080000000, 0x0000000100000000)
  region size 1024K, 13 young (13312K), 7 survivors (7168K)
 Metaspace       used 96644K, capacity 98871K, committed 99020K, reserved 1134592K
  class space    used 12683K, capacity 13496K, committed 13516K, reserved 1048576K
}
Event: 26.513 GC heap after
{Heap after GC invocations=26 (full 0):
 garbage-first heap   total 301056K, used 177302K [0x0000000080000000, 0x0000000100000000)
  region size 1024K, 2 young (2048K), 2 survivors (2048K)
 Metaspace       used 96644K, capacity 98871K, committed 99020K, reserved 1134592K
  class space    used 12683K, capacity 13496K, committed 13516K, reserved 1048576K
}
Event: 30.293 GC heap before
{Heap before GC invocations=27 (full 0):
 garbage-first heap   total 301056K, used 201878K [0x0000000080000000, 0x0000000100000000)
  region size 1024K, 37 young (37888K), 2 survivors (2048K)
 Metaspace       used 97532K, capacity 99917K, committed 100300K, reserved 1136640K
  class space    used 12815K, capacity 13689K, committed 13772K, reserved 1048576K
}
Event: 30.429 GC heap after
{Heap after GC invocations=28 (full 0):
 garbage-first heap   total 301056K, used 170882K [0x0000000080000000, 0x0000000100000000)
  region size 1024K, 5 young (5120K), 5 survivors (5120K)
 Metaspace       used 97532K, capacity 99917K, committed 100300K, reserved 1136640K
  class space    used 12815K, capacity 13689K, committed 13772K, reserved 1048576K
}
Event: 30.767 GC heap before
{Heap before GC invocations=28 (full 0):
 garbage-first heap   total 301056K, used 199554K [0x0000000080000000, 0x0000000100000000)
  region size 1024K, 35 young (35840K), 5 survivors (5120K)
 Metaspace       used 97560K, capacity 99920K, committed 100300K, reserved 1136640K
  class space    used 12815K, capacity 13689K, committed 13772K, reserved 1048576K
}

