# JRE version: OpenJDK Runtime Environment (11.0.11) (build 11.0.11+0-b60-7590822)
# Java VM: OpenJDK 64-Bit Server VM (11.0.11+0-b60-7590822, mixed mode, tiered, compressed oops, g1 gc, linux-amd64)
Heap:
 garbage-first heap   total 529408K, used 226048K [0x0000000080000000, 0x0000000100000000)
  region size 1024K, 6 young (6144K), 6 survivors (6144K)
 Metaspace       used 134878K, capacity 139194K, committed 139484K, reserved 1171456K
  class space    used 16925K, capacity 18529K, committed 18560K, reserved 1048576K
GC Heap History (20 events):
Event: 21216.182 GC heap after
{Heap after GC invocations=159 (full 1):
 garbage-first heap   total 392192K, used 124271K [0x0000000080000000, 0x0000000100000000)
  region size 1024K, 6 young (6144K), 6 survivors (6144K)
 Metaspace       used 132641K, capacity 136835K, committed 137180K, reserved 1169408K
  class space    used 16713K, capacity 18281K, committed 18304K, reserved 1048576K
}
Event: 21217.460 GC heap before
{Heap before GC invocations=160 (full 1):
 garbage-first heap   total 392192K, used 269679K [0x0000000080000000, 0x0000000100000000)
  region size 1024K, 125 young (128000K), 6 survivors (6144K)
 Metaspace       used 134862K, capacity 139194K, committed 139484K, reserved 1171456K
  class space    used 16925K, capacity 18530K, committed 18560K, reserved 1048576K
}
Event: 21217.475 GC heap after
{Heap after GC invocations=161 (full 1):
 garbage-first heap   total 392192K, used 136558K [0x0000000080000000, 0x0000000100000000)
  region size 1024K, 8 young (8192K), 8 survivors (8192K)
 Metaspace       used 134862K, capacity 139194K, committed 139484K, reserved 1171456K
  class space    used 16925K, capacity 18530K, committed 18560K, reserved 1048576K
}
Event: 21217.493 GC heap before
{Heap before GC invocations=161 (full 1):
 garbage-first heap   total 392192K, used 146798K [0x0000000080000000, 0x0000000100000000)
  region size 1024K, 19 young (19456K), 8 survivors (8192K)
 Metaspace       used 134862K, capacity 139194K, committed 139484K, reserved 1171456K
  class space    used 16925K, capacity 18530K, committed 18560K, reserved 1048576K
}
Event: 21217.504 GC heap after
{Heap after GC invocations=162 (full 1):
 garbage-first heap   total 392192K, used 133727K [0x0000000080000000, 0x0000000100000000)
  region size 1024K, 3 young (3072K), 3 survivors (3072K)
 Metaspace       used 134862K, capacity 139194K, committed 139484K, reserved 1171456K
  class space    used 16925K, capacity 18530K, committed 18560K, reserved 1048576K
}
Event: 21217.513 GC heap before
{Heap before GC invocations=162 (full 1):
 garbage-first heap   total 392192K, used 136799K [0x0000000080000000, 0x0000000100000000)
  region size 1024K, 7 young (7168K), 3 survivors (3072K)
 Metaspace       used 134862K, capacity 139194K, committed 139484K, reserved 1171456K
  class space    used 16925K, capacity 18530K, committed 18560K, reserved 1048576K
}
Event: 21217.525 GC heap after
{Heap after GC invocations=163 (full 1):
 garbage-first heap   total 392192K, used 136333K [0x0000000080000000, 0x0000000100000000)
  region size 1024K, 6 young (6144K), 6 survivors (6144K)
 Metaspace       used 134862K, capacity 139194K, committed 139484K, reserved 1171456K
  class space    used 16925K, capacity 18530K, committed 18560K, reserved 1048576K
}
Event: 21217.784 GC heap before
{Heap before GC invocations=163 (full 1):
 garbage-first heap   total 392192K, used 232589K [0x0000000080000000, 0x0000000100000000)
  region size 1024K, 95 young (97280K), 6 survivors (6144K)
 Metaspace       used 134863K, capacity 139192K, committed 139484K, reserved 1171456K
  class space    used 16925K, capacity 18529K, committed 18560K, reserved 1048576K
}
Event: 21217.845 GC heap after
{Heap after GC invocations=164 (full 1):
 garbage-first heap   total 392192K, used 186827K [0x0000000080000000, 0x0000000100000000)
  region size 1024K, 12 young (12288K), 12 survivors (12288K)
 Metaspace       used 134863K, capacity 139192K, committed 139484K, reserved 1171456K
  class space    used 16925K, capacity 18529K, committed 18560K, reserved 1048576K
}
Event: 21218.038 GC heap before
{Heap before GC invocations=165 (full 1):
 garbage-first heap   total 392192K, used 258507K [0x0000000080000000, 0x0000000100000000)
  region size 1024K, 81 young (82944K), 12 survivors (12288K)
 Metaspace       used 134877K, capacity 139194K, committed 139484K, reserved 1171456K
  class space    used 16925K, capacity 18529K, committed 18560K, reserved 1048576K
}
Event: 21218.101 GC heap after
{Heap after GC invocations=166 (full 1):
 garbage-first heap   total 392192K, used 203668K [0x0000000080000000, 0x0000000100000000)
  region size 1024K, 11 young (11264K), 11 survivors (11264K)
 Metaspace       used 134877K, capacity 139194K, committed 139484K, reserved 1171456K
  class space    used 16925K, capacity 18529K, committed 18560K, reserved 1048576K
}
Event: 21218.123 GC heap before
{Heap before GC invocations=166 (full 1):
 garbage-first heap   total 392192K, used 210836K [0x0000000080000000, 0x0000000100000000)
  region size 1024K, 19 young (19456K), 11 survivors (11264K)
 Metaspace       used 134877K, capacity 139194K, committed 139484K, reserved 1171456K
  class space    used 16925K, capacity 18529K, committed 18560K, reserved 1048576K
}
Event: 21218.144 GC heap after
{Heap after GC invocations=167 (full 1):
 garbage-first heap   total 392192K, used 205716K [0x0000000080000000, 0x0000000100000000)
  region size 1024K, 2 young (2048K), 2 survivors (2048K)
 Metaspace       used 134877K, capacity 139194K, committed 139484K, reserved 1171456K
  class space    used 16925K, capacity 18529K, committed 18560K, reserved 1048576K
}
Event: 21218.187 GC heap before
{Heap before GC invocations=167 (full 1):
 garbage-first heap   total 392192K, used 214932K [0x0000000080000000, 0x0000000100000000)
  region size 1024K, 12 young (12288K), 2 survivors (2048K)
 Metaspace       used 134877K, capacity 139194K, committed 139484K, reserved 1171456K
  class space    used 16925K, capacity 18529K, committed 18560K, reserved 1048576K
}
Event: 21218.197 GC heap after
{Heap after GC invocations=168 (full 1):
 garbage-first heap   total 392192K, used 206189K [0x0000000080000000, 0x0000000100000000)
  region size 1024K, 3 young (3072K), 3 survivors (3072K)
 Metaspace       used 134877K, capacity 139194K, committed 139484K, reserved 1171456K
  class space    used 16925K, capacity 18529K, committed 18560K, reserved 1048576K
}
Event: 21218.772 GC heap before
{Heap before GC invocations=169 (full 1):
 garbage-first heap   total 392192K, used 293229K [0x0000000080000000, 0x0000000100000000)
  region size 1024K, 74 young (75776K), 3 survivors (3072K)
 Metaspace       used 134878K, capacity 139194K, committed 139484K, reserved 1171456K
  class space    used 16925K, capacity 18529K, committed 18560K, reserved 1048576K
}
Event: 21218.801 GC heap after
{Heap after GC invocations=170 (full 1):
 garbage-first heap   total 392192K, used 226964K [0x0000000080000000, 0x0000000100000000)
  region size 1024K, 9 young (9216K), 9 survivors (9216K)
 Metaspace       used 134878K, capacity 139194K, committed 139484K, reserved 1171456K
  class space    used 16925K, capacity 18529K, committed 18560K, reserved 1048576K
}
Event: 21218.821 GC heap before
{Heap before GC invocations=170 (full 1):
 garbage-first heap   total 392192K, used 237204K [0x0000000080000000, 0x0000000100000000)
  region size 1024K, 19 young (19456K), 9 survivors (9216K)
 Metaspace       used 134878K, capacity 139194K, committed 139484K, reserved 1171456K
  class space    used 16925K, capacity 18529K, committed 18560K, reserved 1048576K
}
Event: 21218.843 GC heap after
{Heap after GC invocations=171 (full 1):
 garbage-first heap   total 392192K, used 222263K [0x0000000080000000, 0x0000000100000000)
  region size 1024K, 3 young (3072K), 3 survivors (3072K)
 Metaspace       used 134878K, capacity 139194K, committed 139484K, reserved 1171456K
  class space    used 16925K, capacity 18529K, committed 18560K, reserved 1048576K
}
Event: 21218.863 GC heap before
{Heap before GC invocations=171 (full 1):
 garbage-first heap   total 392192K, used 243767K [0x0000000080000000, 0x0000000100000000)
  region size 1024K, 25 young (25600K), 3 survivors (3072K)
 Metaspace       used 134878K, capacity 139194K, committed 139484K, reserved 1171456K
  class space    used 16925K, capacity 18529K, committed 18560K, reserved 1048576K
}

