# JRE version: OpenJDK Runtime Environment (11.0.10) (build 11.0.10+0-b96-7249189)
# Java VM: OpenJDK 64-Bit Server VM (11.0.10+0-b96-7249189, mixed mode, tiered, compressed oops, g1 gc, linux-amd64)
Heap:
 garbage-first heap   total 432128K, used 225826K [0x0000000080000000, 0x0000000100000000)
  region size 1024K, 2 young (2048K), 2 survivors (2048K)
 Metaspace       used 125582K, capacity 128823K, committed 129080K, reserved 1161216K
  class space    used 16054K, capacity 17286K, committed 17356K, reserved 1048576K
GC Heap History (20 events):
Event: 159.324 GC heap after
{Heap after GC invocations=30 (full 0):
 garbage-first heap   total 270336K, used 168768K [0x0000000080000000, 0x0000000100000000)
  region size 1024K, 11 young (11264K), 11 survivors (11264K)
 Metaspace       used 125159K, capacity 128430K, committed 128568K, reserved 1161216K
  class space    used 16050K, capacity 17278K, committed 17356K, reserved 1048576K
}
Event: 159.427 GC heap before
{Heap before GC invocations=30 (full 0):
 garbage-first heap   total 270336K, used 187200K [0x0000000080000000, 0x0000000100000000)
  region size 1024K, 30 young (30720K), 11 survivors (11264K)
 Metaspace       used 125163K, capacity 128430K, committed 128568K, reserved 1161216K
  class space    used 16050K, capacity 17278K, committed 17356K, reserved 1048576K
}
Event: 159.485 GC heap after
{Heap after GC invocations=31 (full 0):
 garbage-first heap   total 270336K, used 179712K [0x0000000080000000, 0x0000000100000000)
  region size 1024K, 7 young (7168K), 7 survivors (7168K)
 Metaspace       used 125163K, capacity 128430K, committed 128568K, reserved 1161216K
  class space    used 16050K, capacity 17278K, committed 17356K, reserved 1048576K
}
Event: 159.753 GC heap before
{Heap before GC invocations=31 (full 0):
 garbage-first heap   total 270336K, used 211456K [0x0000000080000000, 0x0000000100000000)
  region size 1024K, 36 young (36864K), 7 survivors (7168K)
 Metaspace       used 125292K, capacity 128517K, committed 128824K, reserved 1161216K
  class space    used 16060K, capacity 17283K, committed 17356K, reserved 1048576K
}
Event: 159.794 GC heap after
{Heap after GC invocations=32 (full 0):
 garbage-first heap   total 270336K, used 196608K [0x0000000080000000, 0x0000000100000000)
  region size 1024K, 5 young (5120K), 5 survivors (5120K)
 Metaspace       used 125292K, capacity 128517K, committed 128824K, reserved 1161216K
  class space    used 16060K, capacity 17283K, committed 17356K, reserved 1048576K
}
Event: 160.008 GC heap before
{Heap before GC invocations=32 (full 0):
 garbage-first heap   total 270336K, used 220160K [0x0000000080000000, 0x0000000100000000)
  region size 1024K, 27 young (27648K), 5 survivors (5120K)
 Metaspace       used 125373K, capacity 128618K, committed 128824K, reserved 1161216K
  class space    used 16042K, capacity 17266K, committed 17356K, reserved 1048576K
}
Event: 160.041 GC heap after
{Heap after GC invocations=33 (full 0):
 garbage-first heap   total 270336K, used 201216K [0x0000000080000000, 0x0000000100000000)
  region size 1024K, 4 young (4096K), 4 survivors (4096K)
 Metaspace       used 125373K, capacity 128618K, committed 128824K, reserved 1161216K
  class space    used 16042K, capacity 17266K, committed 17356K, reserved 1048576K
}
Event: 160.233 GC heap before
{Heap before GC invocations=34 (full 0):
 garbage-first heap   total 270336K, used 221696K [0x0000000080000000, 0x0000000100000000)
  region size 1024K, 25 young (25600K), 4 survivors (4096K)
 Metaspace       used 125455K, capacity 128715K, committed 128824K, reserved 1161216K
  class space    used 16047K, capacity 17274K, committed 17356K, reserved 1048576K
}
Event: 160.266 GC heap after
{Heap after GC invocations=35 (full 0):
 garbage-first heap   total 270336K, used 205051K [0x0000000080000000, 0x0000000100000000)
  region size 1024K, 4 young (4096K), 4 survivors (4096K)
 Metaspace       used 125455K, capacity 128715K, committed 128824K, reserved 1161216K
  class space    used 16047K, capacity 17274K, committed 17356K, reserved 1048576K
}
Event: 160.335 GC heap before
{Heap before GC invocations=35 (full 0):
 garbage-first heap   total 270336K, used 213243K [0x0000000080000000, 0x0000000100000000)
  region size 1024K, 13 young (13312K), 4 survivors (4096K)
 Metaspace       used 125479K, capacity 128717K, committed 128824K, reserved 1161216K
  class space    used 16047K, capacity 17274K, committed 17356K, reserved 1048576K
}
Event: 160.351 GC heap after
{Heap after GC invocations=36 (full 0):
 garbage-first heap   total 270336K, used 204738K [0x0000000080000000, 0x0000000100000000)
  region size 1024K, 2 young (2048K), 2 survivors (2048K)
 Metaspace       used 125479K, capacity 128717K, committed 128824K, reserved 1161216K
  class space    used 16047K, capacity 17274K, committed 17356K, reserved 1048576K
}
Event: 160.472 GC heap before
{Heap before GC invocations=36 (full 0):
 garbage-first heap   total 270336K, used 225218K [0x0000000080000000, 0x0000000100000000)
  region size 1024K, 22 young (22528K), 2 survivors (2048K)
 Metaspace       used 125489K, capacity 128717K, committed 128824K, reserved 1161216K
  class space    used 16047K, capacity 17274K, committed 17356K, reserved 1048576K
}
Event: 160.499 GC heap after
{Heap after GC invocations=37 (full 0):
 garbage-first heap   total 270336K, used 209710K [0x0000000080000000, 0x0000000100000000)
  region size 1024K, 3 young (3072K), 3 survivors (3072K)
 Metaspace       used 125489K, capacity 128717K, committed 128824K, reserved 1161216K
  class space    used 16047K, capacity 17274K, committed 17356K, reserved 1048576K
}
Event: 160.646 GC heap before
{Heap before GC invocations=37 (full 0):
 garbage-first heap   total 270336K, used 230190K [0x0000000080000000, 0x0000000100000000)
  region size 1024K, 21 young (21504K), 3 survivors (3072K)
 Metaspace       used 125494K, capacity 128717K, committed 128824K, reserved 1161216K
  class space    used 16047K, capacity 17274K, committed 17356K, reserved 1048576K
}
Event: 160.667 GC heap after
{Heap after GC invocations=38 (full 0):
 garbage-first heap   total 270336K, used 215175K [0x0000000080000000, 0x0000000100000000)
  region size 1024K, 3 young (3072K), 3 survivors (3072K)
 Metaspace       used 125494K, capacity 128717K, committed 128824K, reserved 1161216K
  class space    used 16047K, capacity 17274K, committed 17356K, reserved 1048576K
}
Event: 161.007 GC heap before
{Heap before GC invocations=38 (full 0):
 garbage-first heap   total 270336K, used 230535K [0x0000000080000000, 0x0000000100000000)
  region size 1024K, 19 young (19456K), 3 survivors (3072K)
 Metaspace       used 125540K, capacity 128788K, committed 129080K, reserved 1161216K
  class space    used 16047K, capacity 17274K, committed 17356K, reserved 1048576K
}
Event: 161.039 GC heap after
{Heap after GC invocations=39 (full 0):
 garbage-first heap   total 270336K, used 217456K [0x0000000080000000, 0x0000000100000000)
  region size 1024K, 3 young (3072K), 3 survivors (3072K)
 Metaspace       used 125540K, capacity 128788K, committed 129080K, reserved 1161216K
  class space    used 16047K, capacity 17274K, committed 17356K, reserved 1048576K
}
Event: 161.107 GC heap before
{Heap before GC invocations=39 (full 0):
 garbage-first heap   total 270336K, used 231792K [0x0000000080000000, 0x0000000100000000)
  region size 1024K, 17 young (17408K), 3 survivors (3072K)
 Metaspace       used 125540K, capacity 128788K, committed 129080K, reserved 1161216K
  class space    used 16047K, capacity 17274K, committed 17356K, reserved 1048576K
}
Event: 161.120 GC heap after
{Heap after GC invocations=40 (full 0):
 garbage-first heap   total 270336K, used 217542K [0x0000000080000000, 0x0000000100000000)
  region size 1024K, 1 young (1024K), 1 survivors (1024K)
 Metaspace       used 125540K, capacity 128788K, committed 129080K, reserved 1161216K
  class space    used 16047K, capacity 17274K, committed 17356K, reserved 1048576K
}
Event: 161.448 GC heap before
{Heap before GC invocations=41 (full 0):
 garbage-first heap   total 270336K, used 236998K [0x0000000080000000, 0x0000000100000000)
  region size 1024K, 16 young (16384K), 1 survivors (1024K)
 Metaspace       used 125582K, capacity 128823K, committed 129080K, reserved 1161216K
  class space    used 16054K, capacity 17286K, committed 17356K, reserved 1048576K
}

